[0.507s] DEBUG:colcon:Command line arguments: ['/usr/bin/colcon', 'build']
[0.507s] DEBUG:colcon:Parsed command line arguments: Namespace(allow_overriding=[], ament_cmake_args=None, base_paths=['.'], build_base='build', catkin_cmake_args=None, catkin_skip_building_tests=False, cmake_args=None, cmake_clean_cache=False, cmake_clean_first=False, cmake_force_configure=False, cmake_target=None, cmake_target_skip_unavailable=False, continue_on_error=False, event_handlers=None, executor='parallel', ignore_user_meta=False, install_base='install', log_base=None, log_level=None, main=<bound method BuildVerb.main of <colcon_core.verb.build.BuildVerb object at 0x7f71f78fb5b0>>, merge_install=False, metas=['./colcon.meta'], packages_above=None, packages_above_and_dependencies=None, packages_above_depth=None, packages_end=None, packages_ignore=None, packages_ignore_regex=None, packages_select=None, packages_select_build_failed=False, packages_select_by_dep=None, packages_select_regex=None, packages_select_test_failures=False, packages_skip=None, packages_skip_build_finished=False, packages_skip_by_dep=None, packages_skip_regex=None, packages_skip_test_passed=False, packages_skip_up_to=None, packages_start=None, packages_up_to=None, packages_up_to_regex=None, parallel_workers=12, paths=None, symlink_install=False, test_result_base=None, verb_extension=<colcon_core.verb.build.BuildVerb object at 0x7f71f78fb5b0>, verb_name='build', verb_parser=<colcon_defaults.argument_parser.defaults.DefaultArgumentsDecorator object at 0x7f71f77fe2e0>)
[0.588s] Level 1:colcon.colcon_core.package_discovery:discover_packages(colcon_meta) check parameters
[0.588s] Level 1:colcon.colcon_core.package_discovery:discover_packages(recursive) check parameters
[0.589s] Level 1:colcon.colcon_core.package_discovery:discover_packages(ignore) check parameters
[0.589s] Level 1:colcon.colcon_core.package_discovery:discover_packages(path) check parameters
[0.589s] Level 1:colcon.colcon_core.package_discovery:discover_packages(colcon_meta) discover
[0.589s] Level 1:colcon.colcon_core.package_discovery:discover_packages(recursive) discover
[0.589s] INFO:colcon.colcon_core.package_discovery:Crawling recursively for packages in '/home/jkang/Matlab_client_test'
[0.589s] Level 1:colcon.colcon_core.package_identification:_identify(.) by extensions ['ignore', 'ignore_ament_install']
[0.589s] Level 1:colcon.colcon_core.package_identification:_identify(.) by extension 'ignore'
[0.589s] Level 1:colcon.colcon_core.package_identification:_identify(.) by extension 'ignore_ament_install'
[0.589s] Level 1:colcon.colcon_core.package_identification:_identify(.) by extensions ['colcon_pkg']
[0.589s] Level 1:colcon.colcon_core.package_identification:_identify(.) by extension 'colcon_pkg'
[0.589s] Level 1:colcon.colcon_core.package_identification:_identify(.) by extensions ['colcon_meta']
[0.589s] Level 1:colcon.colcon_core.package_identification:_identify(.) by extension 'colcon_meta'
[0.589s] Level 1:colcon.colcon_core.package_identification:_identify(.) by extensions ['ros']
[0.589s] Level 1:colcon.colcon_core.package_identification:_identify(.) by extension 'ros'
[0.607s] Level 1:colcon.colcon_core.package_identification:_identify(.) by extensions ['cmake', 'python']
[0.607s] Level 1:colcon.colcon_core.package_identification:_identify(.) by extension 'cmake'
[0.607s] Level 1:colcon.colcon_core.package_identification:_identify(.) by extension 'python'
[0.607s] Level 1:colcon.colcon_core.package_identification:_identify(.) by extensions ['python_setup_py']
[0.607s] Level 1:colcon.colcon_core.package_identification:_identify(.) by extension 'python_setup_py'
[0.608s] Level 1:colcon.colcon_core.package_identification:_identify(build) by extensions ['ignore', 'ignore_ament_install']
[0.608s] Level 1:colcon.colcon_core.package_identification:_identify(build) by extension 'ignore'
[0.608s] Level 1:colcon.colcon_core.package_identification:_identify(build) ignored
[0.608s] Level 1:colcon.colcon_core.package_identification:_identify(install) by extensions ['ignore', 'ignore_ament_install']
[0.608s] Level 1:colcon.colcon_core.package_identification:_identify(install) by extension 'ignore'
[0.608s] Level 1:colcon.colcon_core.package_identification:_identify(install) ignored
[0.608s] Level 1:colcon.colcon_core.package_identification:_identify(log) by extensions ['ignore', 'ignore_ament_install']
[0.608s] Level 1:colcon.colcon_core.package_identification:_identify(log) by extension 'ignore'
[0.608s] Level 1:colcon.colcon_core.package_identification:_identify(log) ignored
[0.609s] Level 1:colcon.colcon_core.package_identification:_identify(src) by extensions ['ignore', 'ignore_ament_install']
[0.609s] Level 1:colcon.colcon_core.package_identification:_identify(src) by extension 'ignore'
[0.609s] Level 1:colcon.colcon_core.package_identification:_identify(src) by extension 'ignore_ament_install'
[0.609s] Level 1:colcon.colcon_core.package_identification:_identify(src) by extensions ['colcon_pkg']
[0.609s] Level 1:colcon.colcon_core.package_identification:_identify(src) by extension 'colcon_pkg'
[0.609s] Level 1:colcon.colcon_core.package_identification:_identify(src) by extensions ['colcon_meta']
[0.609s] Level 1:colcon.colcon_core.package_identification:_identify(src) by extension 'colcon_meta'
[0.609s] Level 1:colcon.colcon_core.package_identification:_identify(src) by extensions ['ros']
[0.609s] Level 1:colcon.colcon_core.package_identification:_identify(src) by extension 'ros'
[0.609s] Level 1:colcon.colcon_core.package_identification:_identify(src) by extensions ['cmake', 'python']
[0.609s] Level 1:colcon.colcon_core.package_identification:_identify(src) by extension 'cmake'
[0.609s] Level 1:colcon.colcon_core.package_identification:_identify(src) by extension 'python'
[0.609s] Level 1:colcon.colcon_core.package_identification:_identify(src) by extensions ['python_setup_py']
[0.609s] Level 1:colcon.colcon_core.package_identification:_identify(src) by extension 'python_setup_py'
[0.610s] Level 1:colcon.colcon_core.package_identification:_identify(src/test1_msgs) by extensions ['ignore', 'ignore_ament_install']
[0.610s] Level 1:colcon.colcon_core.package_identification:_identify(src/test1_msgs) by extension 'ignore'
[0.610s] Level 1:colcon.colcon_core.package_identification:_identify(src/test1_msgs) by extension 'ignore_ament_install'
[0.610s] Level 1:colcon.colcon_core.package_identification:_identify(src/test1_msgs) by extensions ['colcon_pkg']
[0.610s] Level 1:colcon.colcon_core.package_identification:_identify(src/test1_msgs) by extension 'colcon_pkg'
[0.610s] Level 1:colcon.colcon_core.package_identification:_identify(src/test1_msgs) by extensions ['colcon_meta']
[0.610s] Level 1:colcon.colcon_core.package_identification:_identify(src/test1_msgs) by extension 'colcon_meta'
[0.610s] Level 1:colcon.colcon_core.package_identification:_identify(src/test1_msgs) by extensions ['ros']
[0.610s] Level 1:colcon.colcon_core.package_identification:_identify(src/test1_msgs) by extension 'ros'
[0.613s] DEBUG:colcon.colcon_core.package_identification:Package 'src/test1_msgs' with type 'ros.ament_cmake' and name 'test1_msgs'
[0.613s] Level 1:colcon.colcon_core.package_identification:_identify(src/test_matlab) by extensions ['ignore', 'ignore_ament_install']
[0.613s] Level 1:colcon.colcon_core.package_identification:_identify(src/test_matlab) by extension 'ignore'
[0.614s] Level 1:colcon.colcon_core.package_identification:_identify(src/test_matlab) by extension 'ignore_ament_install'
[0.614s] Level 1:colcon.colcon_core.package_identification:_identify(src/test_matlab) by extensions ['colcon_pkg']
[0.614s] Level 1:colcon.colcon_core.package_identification:_identify(src/test_matlab) by extension 'colcon_pkg'
[0.614s] Level 1:colcon.colcon_core.package_identification:_identify(src/test_matlab) by extensions ['colcon_meta']
[0.614s] Level 1:colcon.colcon_core.package_identification:_identify(src/test_matlab) by extension 'colcon_meta'
[0.614s] Level 1:colcon.colcon_core.package_identification:_identify(src/test_matlab) by extensions ['ros']
[0.614s] Level 1:colcon.colcon_core.package_identification:_identify(src/test_matlab) by extension 'ros'
[0.614s] Level 1:colcon.colcon_core.package_identification:_identify(src/test_matlab) by extensions ['cmake', 'python']
[0.614s] Level 1:colcon.colcon_core.package_identification:_identify(src/test_matlab) by extension 'cmake'
[0.614s] Level 1:colcon.colcon_core.package_identification:_identify(src/test_matlab) by extension 'python'
[0.614s] Level 1:colcon.colcon_core.package_identification:_identify(src/test_matlab) by extensions ['python_setup_py']
[0.614s] Level 1:colcon.colcon_core.package_identification:_identify(src/test_matlab) by extension 'python_setup_py'
[0.614s] Level 1:colcon.colcon_core.package_identification:_identify(src/test_matlab/custom) by extensions ['ignore', 'ignore_ament_install']
[0.615s] Level 1:colcon.colcon_core.package_identification:_identify(src/test_matlab/custom) by extension 'ignore'
[0.615s] Level 1:colcon.colcon_core.package_identification:_identify(src/test_matlab/custom) by extension 'ignore_ament_install'
[0.615s] Level 1:colcon.colcon_core.package_identification:_identify(src/test_matlab/custom) by extensions ['colcon_pkg']
[0.615s] Level 1:colcon.colcon_core.package_identification:_identify(src/test_matlab/custom) by extension 'colcon_pkg'
[0.615s] Level 1:colcon.colcon_core.package_identification:_identify(src/test_matlab/custom) by extensions ['colcon_meta']
[0.615s] Level 1:colcon.colcon_core.package_identification:_identify(src/test_matlab/custom) by extension 'colcon_meta'
[0.615s] Level 1:colcon.colcon_core.package_identification:_identify(src/test_matlab/custom) by extensions ['ros']
[0.615s] Level 1:colcon.colcon_core.package_identification:_identify(src/test_matlab/custom) by extension 'ros'
[0.615s] Level 1:colcon.colcon_core.package_identification:_identify(src/test_matlab/custom) by extensions ['cmake', 'python']
[0.615s] Level 1:colcon.colcon_core.package_identification:_identify(src/test_matlab/custom) by extension 'cmake'
[0.615s] Level 1:colcon.colcon_core.package_identification:_identify(src/test_matlab/custom) by extension 'python'
[0.615s] Level 1:colcon.colcon_core.package_identification:_identify(src/test_matlab/custom) by extensions ['python_setup_py']
[0.615s] Level 1:colcon.colcon_core.package_identification:_identify(src/test_matlab/custom) by extension 'python_setup_py'
[0.615s] Level 1:colcon.colcon_core.package_identification:_identify(src/test_matlab/custom/matlab_msg_gen) by extensions ['ignore', 'ignore_ament_install']
[0.616s] Level 1:colcon.colcon_core.package_identification:_identify(src/test_matlab/custom/matlab_msg_gen) by extension 'ignore'
[0.616s] Level 1:colcon.colcon_core.package_identification:_identify(src/test_matlab/custom/matlab_msg_gen) ignored
[0.616s] Level 1:colcon.colcon_core.package_identification:_identify(src/test_matlab/custom/test1_msgs) by extensions ['ignore', 'ignore_ament_install']
[0.616s] Level 1:colcon.colcon_core.package_identification:_identify(src/test_matlab/custom/test1_msgs) by extension 'ignore'
[0.616s] Level 1:colcon.colcon_core.package_identification:_identify(src/test_matlab/custom/test1_msgs) by extension 'ignore_ament_install'
[0.616s] Level 1:colcon.colcon_core.package_identification:_identify(src/test_matlab/custom/test1_msgs) by extensions ['colcon_pkg']
[0.616s] Level 1:colcon.colcon_core.package_identification:_identify(src/test_matlab/custom/test1_msgs) by extension 'colcon_pkg'
[0.616s] Level 1:colcon.colcon_core.package_identification:_identify(src/test_matlab/custom/test1_msgs) by extensions ['colcon_meta']
[0.616s] Level 1:colcon.colcon_core.package_identification:_identify(src/test_matlab/custom/test1_msgs) by extension 'colcon_meta'
[0.616s] Level 1:colcon.colcon_core.package_identification:_identify(src/test_matlab/custom/test1_msgs) by extensions ['ros']
[0.616s] Level 1:colcon.colcon_core.package_identification:_identify(src/test_matlab/custom/test1_msgs) by extension 'ros'
[0.616s] Level 1:colcon.colcon_core.package_identification:_identify(src/test_matlab/custom/test1_msgs) by extensions ['cmake', 'python']
[0.616s] Level 1:colcon.colcon_core.package_identification:_identify(src/test_matlab/custom/test1_msgs) by extension 'cmake'
[0.617s] Level 1:colcon.colcon_core.package_identification:_identify(src/test_matlab/custom/test1_msgs) by extension 'python'
[0.617s] Level 1:colcon.colcon_core.package_identification:_identify(src/test_matlab/custom/test1_msgs) by extensions ['python_setup_py']
[0.617s] Level 1:colcon.colcon_core.package_identification:_identify(src/test_matlab/custom/test1_msgs) by extension 'python_setup_py'
[0.617s] Level 1:colcon.colcon_core.package_identification:_identify(src/test_matlab/custom/test1_msgs/msg) by extensions ['ignore', 'ignore_ament_install']
[0.617s] Level 1:colcon.colcon_core.package_identification:_identify(src/test_matlab/custom/test1_msgs/msg) by extension 'ignore'
[0.617s] Level 1:colcon.colcon_core.package_identification:_identify(src/test_matlab/custom/test1_msgs/msg) by extension 'ignore_ament_install'
[0.617s] Level 1:colcon.colcon_core.package_identification:_identify(src/test_matlab/custom/test1_msgs/msg) by extensions ['colcon_pkg']
[0.617s] Level 1:colcon.colcon_core.package_identification:_identify(src/test_matlab/custom/test1_msgs/msg) by extension 'colcon_pkg'
[0.617s] Level 1:colcon.colcon_core.package_identification:_identify(src/test_matlab/custom/test1_msgs/msg) by extensions ['colcon_meta']
[0.617s] Level 1:colcon.colcon_core.package_identification:_identify(src/test_matlab/custom/test1_msgs/msg) by extension 'colcon_meta'
[0.617s] Level 1:colcon.colcon_core.package_identification:_identify(src/test_matlab/custom/test1_msgs/msg) by extensions ['ros']
[0.617s] Level 1:colcon.colcon_core.package_identification:_identify(src/test_matlab/custom/test1_msgs/msg) by extension 'ros'
[0.617s] Level 1:colcon.colcon_core.package_identification:_identify(src/test_matlab/custom/test1_msgs/msg) by extensions ['cmake', 'python']
[0.618s] Level 1:colcon.colcon_core.package_identification:_identify(src/test_matlab/custom/test1_msgs/msg) by extension 'cmake'
[0.618s] Level 1:colcon.colcon_core.package_identification:_identify(src/test_matlab/custom/test1_msgs/msg) by extension 'python'
[0.618s] Level 1:colcon.colcon_core.package_identification:_identify(src/test_matlab/custom/test1_msgs/msg) by extensions ['python_setup_py']
[0.618s] Level 1:colcon.colcon_core.package_identification:_identify(src/test_matlab/custom/test1_msgs/msg) by extension 'python_setup_py'
[0.618s] Level 1:colcon.colcon_core.package_identification:_identify(src/test_matlab/custom/test1_msgs/srv) by extensions ['ignore', 'ignore_ament_install']
[0.618s] Level 1:colcon.colcon_core.package_identification:_identify(src/test_matlab/custom/test1_msgs/srv) by extension 'ignore'
[0.618s] Level 1:colcon.colcon_core.package_identification:_identify(src/test_matlab/custom/test1_msgs/srv) by extension 'ignore_ament_install'
[0.618s] Level 1:colcon.colcon_core.package_identification:_identify(src/test_matlab/custom/test1_msgs/srv) by extensions ['colcon_pkg']
[0.618s] Level 1:colcon.colcon_core.package_identification:_identify(src/test_matlab/custom/test1_msgs/srv) by extension 'colcon_pkg'
[0.618s] Level 1:colcon.colcon_core.package_identification:_identify(src/test_matlab/custom/test1_msgs/srv) by extensions ['colcon_meta']
[0.618s] Level 1:colcon.colcon_core.package_identification:_identify(src/test_matlab/custom/test1_msgs/srv) by extension 'colcon_meta'
[0.618s] Level 1:colcon.colcon_core.package_identification:_identify(src/test_matlab/custom/test1_msgs/srv) by extensions ['ros']
[0.618s] Level 1:colcon.colcon_core.package_identification:_identify(src/test_matlab/custom/test1_msgs/srv) by extension 'ros'
[0.618s] Level 1:colcon.colcon_core.package_identification:_identify(src/test_matlab/custom/test1_msgs/srv) by extensions ['cmake', 'python']
[0.619s] Level 1:colcon.colcon_core.package_identification:_identify(src/test_matlab/custom/test1_msgs/srv) by extension 'cmake'
[0.619s] Level 1:colcon.colcon_core.package_identification:_identify(src/test_matlab/custom/test1_msgs/srv) by extension 'python'
[0.619s] Level 1:colcon.colcon_core.package_identification:_identify(src/test_matlab/custom/test1_msgs/srv) by extensions ['python_setup_py']
[0.619s] Level 1:colcon.colcon_core.package_identification:_identify(src/test_matlab/custom/test1_msgs/srv) by extension 'python_setup_py'
[0.619s] Level 1:colcon.colcon_core.package_identification:_identify(src/test_srvcli) by extensions ['ignore', 'ignore_ament_install']
[0.619s] Level 1:colcon.colcon_core.package_identification:_identify(src/test_srvcli) by extension 'ignore'
[0.619s] Level 1:colcon.colcon_core.package_identification:_identify(src/test_srvcli) by extension 'ignore_ament_install'
[0.619s] Level 1:colcon.colcon_core.package_identification:_identify(src/test_srvcli) by extensions ['colcon_pkg']
[0.619s] Level 1:colcon.colcon_core.package_identification:_identify(src/test_srvcli) by extension 'colcon_pkg'
[0.619s] Level 1:colcon.colcon_core.package_identification:_identify(src/test_srvcli) by extensions ['colcon_meta']
[0.619s] Level 1:colcon.colcon_core.package_identification:_identify(src/test_srvcli) by extension 'colcon_meta'
[0.619s] Level 1:colcon.colcon_core.package_identification:_identify(src/test_srvcli) by extensions ['ros']
[0.619s] Level 1:colcon.colcon_core.package_identification:_identify(src/test_srvcli) by extension 'ros'
[0.620s] DEBUG:colcon.colcon_core.package_identification:Package 'src/test_srvcli' with type 'ros.ament_python' and name 'test_srvcli'
[0.620s] Level 1:colcon.colcon_core.package_discovery:discover_packages(recursive) using defaults
[0.620s] Level 1:colcon.colcon_core.package_discovery:discover_packages(ignore) discover
[0.620s] Level 1:colcon.colcon_core.package_discovery:discover_packages(ignore) using defaults
[0.620s] Level 1:colcon.colcon_core.package_discovery:discover_packages(path) discover
[0.620s] Level 1:colcon.colcon_core.package_discovery:discover_packages(path) using defaults
[0.657s] Level 1:colcon.colcon_core.package_discovery:discover_packages(prefix_path) check parameters
[0.657s] Level 1:colcon.colcon_core.package_discovery:discover_packages(prefix_path) discover
[0.663s] DEBUG:colcon.colcon_installed_package_information.package_discovery:Found 273 installed packages in /opt/ros/galactic
[0.665s] Level 1:colcon.colcon_core.package_discovery:discover_packages(prefix_path) using defaults
[0.772s] Level 5:colcon.colcon_core.verb:set package 'test1_msgs' build argument 'cmake_args' from command line to 'None'
[0.772s] Level 5:colcon.colcon_core.verb:set package 'test1_msgs' build argument 'cmake_target' from command line to 'None'
[0.772s] Level 5:colcon.colcon_core.verb:set package 'test1_msgs' build argument 'cmake_target_skip_unavailable' from command line to 'False'
[0.772s] Level 5:colcon.colcon_core.verb:set package 'test1_msgs' build argument 'cmake_clean_cache' from command line to 'False'
[0.772s] Level 5:colcon.colcon_core.verb:set package 'test1_msgs' build argument 'cmake_clean_first' from command line to 'False'
[0.772s] Level 5:colcon.colcon_core.verb:set package 'test1_msgs' build argument 'cmake_force_configure' from command line to 'False'
[0.772s] Level 5:colcon.colcon_core.verb:set package 'test1_msgs' build argument 'ament_cmake_args' from command line to 'None'
[0.772s] Level 5:colcon.colcon_core.verb:set package 'test1_msgs' build argument 'catkin_cmake_args' from command line to 'None'
[0.772s] Level 5:colcon.colcon_core.verb:set package 'test1_msgs' build argument 'catkin_skip_building_tests' from command line to 'False'
[0.773s] DEBUG:colcon.colcon_core.verb:Building package 'test1_msgs' with the following arguments: {'ament_cmake_args': None, 'build_base': '/home/jkang/Matlab_client_test/build/test1_msgs', 'catkin_cmake_args': None, 'catkin_skip_building_tests': False, 'cmake_args': None, 'cmake_clean_cache': False, 'cmake_clean_first': False, 'cmake_force_configure': False, 'cmake_target': None, 'cmake_target_skip_unavailable': False, 'install_base': '/home/jkang/Matlab_client_test/install/test1_msgs', 'merge_install': False, 'path': '/home/jkang/Matlab_client_test/src/test1_msgs', 'symlink_install': False, 'test_result_base': None}
[0.775s] Level 5:colcon.colcon_core.verb:set package 'test_srvcli' build argument 'cmake_args' from command line to 'None'
[0.775s] Level 5:colcon.colcon_core.verb:set package 'test_srvcli' build argument 'cmake_target' from command line to 'None'
[0.775s] Level 5:colcon.colcon_core.verb:set package 'test_srvcli' build argument 'cmake_target_skip_unavailable' from command line to 'False'
[0.775s] Level 5:colcon.colcon_core.verb:set package 'test_srvcli' build argument 'cmake_clean_cache' from command line to 'False'
[0.775s] Level 5:colcon.colcon_core.verb:set package 'test_srvcli' build argument 'cmake_clean_first' from command line to 'False'
[0.775s] Level 5:colcon.colcon_core.verb:set package 'test_srvcli' build argument 'cmake_force_configure' from command line to 'False'
[0.775s] Level 5:colcon.colcon_core.verb:set package 'test_srvcli' build argument 'ament_cmake_args' from command line to 'None'
[0.775s] Level 5:colcon.colcon_core.verb:set package 'test_srvcli' build argument 'catkin_cmake_args' from command line to 'None'
[0.775s] Level 5:colcon.colcon_core.verb:set package 'test_srvcli' build argument 'catkin_skip_building_tests' from command line to 'False'
[0.775s] DEBUG:colcon.colcon_core.verb:Building package 'test_srvcli' with the following arguments: {'ament_cmake_args': None, 'build_base': '/home/jkang/Matlab_client_test/build/test_srvcli', 'catkin_cmake_args': None, 'catkin_skip_building_tests': False, 'cmake_args': None, 'cmake_clean_cache': False, 'cmake_clean_first': False, 'cmake_force_configure': False, 'cmake_target': None, 'cmake_target_skip_unavailable': False, 'install_base': '/home/jkang/Matlab_client_test/install/test_srvcli', 'merge_install': False, 'path': '/home/jkang/Matlab_client_test/src/test_srvcli', 'symlink_install': False, 'test_result_base': None}
[0.777s] INFO:colcon.colcon_core.executor:Executing jobs using 'parallel' executor
[0.787s] DEBUG:colcon.colcon_parallel_executor.executor.parallel:run_until_complete
[0.787s] INFO:colcon.colcon_ros.task.ament_cmake.build:Building ROS package in '/home/jkang/Matlab_client_test/src/test1_msgs' with build type 'ament_cmake'
[0.787s] INFO:colcon.colcon_cmake.task.cmake.build:Building CMake package in '/home/jkang/Matlab_client_test/src/test1_msgs'
[0.795s] INFO:colcon.colcon_core.plugin_system:Skipping extension 'colcon_core.shell.bat': Not used on non-Windows systems
[0.795s] INFO:colcon.colcon_core.shell:Skip shell extension 'powershell' for command environment: Not usable outside of PowerShell
[0.795s] DEBUG:colcon.colcon_core.shell:Skip shell extension 'dsv' for command environment
[0.803s] INFO:colcon.colcon_ros.task.ament_python.build:Building ROS package in '/home/jkang/Matlab_client_test/src/test_srvcli' with build type 'ament_python'
[0.804s] Level 1:colcon.colcon_core.shell:create_environment_hook('test_srvcli', 'ament_prefix_path')
[0.809s] INFO:colcon.colcon_core.shell:Creating environment hook '/home/jkang/Matlab_client_test/install/test_srvcli/share/test_srvcli/hook/ament_prefix_path.ps1'
[0.811s] INFO:colcon.colcon_core.shell:Creating environment descriptor '/home/jkang/Matlab_client_test/install/test_srvcli/share/test_srvcli/hook/ament_prefix_path.dsv'
[0.811s] INFO:colcon.colcon_core.shell:Creating environment hook '/home/jkang/Matlab_client_test/install/test_srvcli/share/test_srvcli/hook/ament_prefix_path.sh'
[0.816s] INFO:colcon.colcon_core.shell:Skip shell extension 'powershell' for command environment: Not usable outside of PowerShell
[0.816s] DEBUG:colcon.colcon_core.shell:Skip shell extension 'dsv' for command environment
[0.831s] DEBUG:colcon.colcon_core.event_handler.log_command:Invoking command in '/home/jkang/Matlab_client_test/build/test1_msgs': CMAKE_PREFIX_PATH=/opt/ros/galactic /usr/bin/cmake /home/jkang/Matlab_client_test/src/test1_msgs -DCMAKE_INSTALL_PREFIX=/home/jkang/Matlab_client_test/install/test1_msgs
[1.305s] INFO:colcon.colcon_core.task.python.build:Building Python package in '/home/jkang/Matlab_client_test/src/test_srvcli'
[1.311s] INFO:colcon.colcon_core.shell:Skip shell extension 'powershell' for command environment: Not usable outside of PowerShell
[1.311s] DEBUG:colcon.colcon_core.shell:Skip shell extension 'dsv' for command environment
[2.209s] DEBUG:colcon.colcon_core.event_handler.log_command:Invoking command in '/home/jkang/Matlab_client_test/src/test_srvcli': PYTHONPATH=/home/jkang/Matlab_client_test/build/test_srvcli/prefix_override:/home/jkang/Matlab_client_test/install/test_srvcli/lib/python3.8/site-packages:${PYTHONPATH} /usr/bin/python3 setup.py egg_info --egg-base ../../build/test_srvcli build --build-base /home/jkang/Matlab_client_test/build/test_srvcli/build install --record /home/jkang/Matlab_client_test/build/test_srvcli/install.log --single-version-externally-managed
[2.913s] DEBUG:colcon.colcon_core.event_handler.log_command:Invoked command in '/home/jkang/Matlab_client_test/src/test_srvcli' returned '0': PYTHONPATH=/home/jkang/Matlab_client_test/build/test_srvcli/prefix_override:/home/jkang/Matlab_client_test/install/test_srvcli/lib/python3.8/site-packages:${PYTHONPATH} /usr/bin/python3 setup.py egg_info --egg-base ../../build/test_srvcli build --build-base /home/jkang/Matlab_client_test/build/test_srvcli/build install --record /home/jkang/Matlab_client_test/build/test_srvcli/install.log --single-version-externally-managed
[2.922s] Level 1:colcon.colcon_core.environment:checking '/home/jkang/Matlab_client_test/install/test_srvcli' for CMake module files
[2.923s] Level 1:colcon.colcon_core.environment:checking '/home/jkang/Matlab_client_test/install/test_srvcli' for CMake config files
[2.924s] Level 1:colcon.colcon_core.environment:checking '/home/jkang/Matlab_client_test/install/test_srvcli/lib'
[2.924s] Level 1:colcon.colcon_core.environment:checking '/home/jkang/Matlab_client_test/install/test_srvcli/bin'
[2.924s] Level 1:colcon.colcon_core.environment:checking '/home/jkang/Matlab_client_test/install/test_srvcli/lib/pkgconfig/test_srvcli.pc'
[2.924s] Level 1:colcon.colcon_core.environment:checking '/home/jkang/Matlab_client_test/install/test_srvcli/lib/python3.8/site-packages'
[2.924s] Level 1:colcon.colcon_core.shell:create_environment_hook('test_srvcli', 'pythonpath')
[2.929s] INFO:colcon.colcon_core.shell:Creating environment hook '/home/jkang/Matlab_client_test/install/test_srvcli/share/test_srvcli/hook/pythonpath.ps1'
[2.929s] INFO:colcon.colcon_core.shell:Creating environment descriptor '/home/jkang/Matlab_client_test/install/test_srvcli/share/test_srvcli/hook/pythonpath.dsv'
[2.930s] INFO:colcon.colcon_core.shell:Creating environment hook '/home/jkang/Matlab_client_test/install/test_srvcli/share/test_srvcli/hook/pythonpath.sh'
[2.930s] Level 1:colcon.colcon_core.environment:checking '/home/jkang/Matlab_client_test/install/test_srvcli/bin'
[2.931s] Level 1:colcon.colcon_core.environment:create_environment_scripts_only(test_srvcli)
[2.935s] INFO:colcon.colcon_core.shell:Creating package script '/home/jkang/Matlab_client_test/install/test_srvcli/share/test_srvcli/package.ps1'
[2.936s] INFO:colcon.colcon_core.shell:Creating package descriptor '/home/jkang/Matlab_client_test/install/test_srvcli/share/test_srvcli/package.dsv'
[2.936s] INFO:colcon.colcon_core.shell:Creating package script '/home/jkang/Matlab_client_test/install/test_srvcli/share/test_srvcli/package.sh'
[2.937s] INFO:colcon.colcon_core.shell:Creating package script '/home/jkang/Matlab_client_test/install/test_srvcli/share/test_srvcli/package.bash'
[2.938s] INFO:colcon.colcon_core.shell:Creating package script '/home/jkang/Matlab_client_test/install/test_srvcli/share/test_srvcli/package.zsh'
[2.939s] Level 1:colcon.colcon_core.environment:create_file_with_runtime_dependencies(/home/jkang/Matlab_client_test/install/test_srvcli/share/colcon-core/packages/test_srvcli)
[3.006s] DEBUG:colcon.colcon_core.event_handler.log_command:Invoked command in '/home/jkang/Matlab_client_test/build/test1_msgs' returned '0': CMAKE_PREFIX_PATH=/opt/ros/galactic /usr/bin/cmake /home/jkang/Matlab_client_test/src/test1_msgs -DCMAKE_INSTALL_PREFIX=/home/jkang/Matlab_client_test/install/test1_msgs
[3.011s] DEBUG:colcon.colcon_core.event_handler.log_command:Invoking command in '/home/jkang/Matlab_client_test/build/test1_msgs': CMAKE_PREFIX_PATH=/opt/ros/galactic /usr/bin/cmake --build /home/jkang/Matlab_client_test/build/test1_msgs -- -j12 -l12
[6.779s] DEBUG:colcon.colcon_core.event_handler.log_command:Invoked command in '/home/jkang/Matlab_client_test/build/test1_msgs' returned '0': CMAKE_PREFIX_PATH=/opt/ros/galactic /usr/bin/cmake --build /home/jkang/Matlab_client_test/build/test1_msgs -- -j12 -l12
[6.875s] DEBUG:colcon.colcon_core.event_handler.log_command:Invoking command in '/home/jkang/Matlab_client_test/build/test1_msgs': CMAKE_PREFIX_PATH=/opt/ros/galactic /usr/bin/cmake --install /home/jkang/Matlab_client_test/build/test1_msgs
[6.965s] Level 1:colcon.colcon_core.environment:create_environment_scripts_only(test1_msgs)
[6.965s] DEBUG:colcon.colcon_core.event_handler.log_command:Invoked command in '/home/jkang/Matlab_client_test/build/test1_msgs' returned '0': CMAKE_PREFIX_PATH=/opt/ros/galactic /usr/bin/cmake --install /home/jkang/Matlab_client_test/build/test1_msgs
[6.972s] Level 1:colcon.colcon_core.environment:checking '/home/jkang/Matlab_client_test/install/test1_msgs' for CMake module files
[6.973s] Level 1:colcon.colcon_core.environment:checking '/home/jkang/Matlab_client_test/install/test1_msgs' for CMake config files
[6.974s] Level 1:colcon.colcon_core.shell:create_environment_hook('test1_msgs', 'cmake_prefix_path')
[6.978s] INFO:colcon.colcon_core.shell:Creating environment hook '/home/jkang/Matlab_client_test/install/test1_msgs/share/test1_msgs/hook/cmake_prefix_path.ps1'
[6.978s] INFO:colcon.colcon_core.shell:Creating environment descriptor '/home/jkang/Matlab_client_test/install/test1_msgs/share/test1_msgs/hook/cmake_prefix_path.dsv'
[6.979s] INFO:colcon.colcon_core.shell:Creating environment hook '/home/jkang/Matlab_client_test/install/test1_msgs/share/test1_msgs/hook/cmake_prefix_path.sh'
[6.979s] Level 1:colcon.colcon_core.environment:checking '/home/jkang/Matlab_client_test/install/test1_msgs/lib'
[6.980s] Level 1:colcon.colcon_core.shell:create_environment_hook('test1_msgs', 'ld_library_path_lib')
[6.984s] INFO:colcon.colcon_core.shell:Creating environment hook '/home/jkang/Matlab_client_test/install/test1_msgs/share/test1_msgs/hook/ld_library_path_lib.ps1'
[6.984s] INFO:colcon.colcon_core.shell:Creating environment descriptor '/home/jkang/Matlab_client_test/install/test1_msgs/share/test1_msgs/hook/ld_library_path_lib.dsv'
[6.985s] INFO:colcon.colcon_core.shell:Creating environment hook '/home/jkang/Matlab_client_test/install/test1_msgs/share/test1_msgs/hook/ld_library_path_lib.sh'
[6.985s] Level 1:colcon.colcon_core.environment:checking '/home/jkang/Matlab_client_test/install/test1_msgs/bin'
[6.985s] Level 1:colcon.colcon_core.environment:checking '/home/jkang/Matlab_client_test/install/test1_msgs/lib/pkgconfig/test1_msgs.pc'
[6.986s] Level 1:colcon.colcon_core.environment:checking '/home/jkang/Matlab_client_test/install/test1_msgs/lib/python3.8/site-packages'
[6.986s] Level 1:colcon.colcon_core.shell:create_environment_hook('test1_msgs', 'pythonpath')
[6.990s] INFO:colcon.colcon_core.shell:Creating environment hook '/home/jkang/Matlab_client_test/install/test1_msgs/share/test1_msgs/hook/pythonpath.ps1'
[6.990s] INFO:colcon.colcon_core.shell:Creating environment descriptor '/home/jkang/Matlab_client_test/install/test1_msgs/share/test1_msgs/hook/pythonpath.dsv'
[6.991s] INFO:colcon.colcon_core.shell:Creating environment hook '/home/jkang/Matlab_client_test/install/test1_msgs/share/test1_msgs/hook/pythonpath.sh'
[6.991s] Level 1:colcon.colcon_core.environment:checking '/home/jkang/Matlab_client_test/install/test1_msgs/bin'
[6.996s] INFO:colcon.colcon_core.shell:Creating package script '/home/jkang/Matlab_client_test/install/test1_msgs/share/test1_msgs/package.ps1'
[6.997s] INFO:colcon.colcon_core.shell:Creating package descriptor '/home/jkang/Matlab_client_test/install/test1_msgs/share/test1_msgs/package.dsv'
[6.998s] INFO:colcon.colcon_core.shell:Creating package script '/home/jkang/Matlab_client_test/install/test1_msgs/share/test1_msgs/package.sh'
[6.998s] INFO:colcon.colcon_core.shell:Creating package script '/home/jkang/Matlab_client_test/install/test1_msgs/share/test1_msgs/package.bash'
[6.999s] INFO:colcon.colcon_core.shell:Creating package script '/home/jkang/Matlab_client_test/install/test1_msgs/share/test1_msgs/package.zsh'
[6.999s] Level 1:colcon.colcon_core.environment:create_file_with_runtime_dependencies(/home/jkang/Matlab_client_test/install/test1_msgs/share/colcon-core/packages/test1_msgs)
[7.084s] Level 1:colcon.colcon_core.environment:create_environment_scripts_only(test1_msgs)
[7.091s] Level 1:colcon.colcon_core.environment:checking '/home/jkang/Matlab_client_test/install/test1_msgs' for CMake module files
[7.092s] Level 1:colcon.colcon_core.environment:checking '/home/jkang/Matlab_client_test/install/test1_msgs' for CMake config files
[7.092s] Level 1:colcon.colcon_core.shell:create_environment_hook('test1_msgs', 'cmake_prefix_path')
[7.096s] INFO:colcon.colcon_core.shell:Creating environment hook '/home/jkang/Matlab_client_test/install/test1_msgs/share/test1_msgs/hook/cmake_prefix_path.ps1'
[7.097s] INFO:colcon.colcon_core.shell:Creating environment descriptor '/home/jkang/Matlab_client_test/install/test1_msgs/share/test1_msgs/hook/cmake_prefix_path.dsv'
[7.098s] INFO:colcon.colcon_core.shell:Creating environment hook '/home/jkang/Matlab_client_test/install/test1_msgs/share/test1_msgs/hook/cmake_prefix_path.sh'
[7.099s] Level 1:colcon.colcon_core.environment:checking '/home/jkang/Matlab_client_test/install/test1_msgs/lib'
[7.099s] Level 1:colcon.colcon_core.shell:create_environment_hook('test1_msgs', 'ld_library_path_lib')
[7.104s] INFO:colcon.colcon_core.shell:Creating environment hook '/home/jkang/Matlab_client_test/install/test1_msgs/share/test1_msgs/hook/ld_library_path_lib.ps1'
[7.104s] INFO:colcon.colcon_core.shell:Creating environment descriptor '/home/jkang/Matlab_client_test/install/test1_msgs/share/test1_msgs/hook/ld_library_path_lib.dsv'
[7.104s] INFO:colcon.colcon_core.shell:Creating environment hook '/home/jkang/Matlab_client_test/install/test1_msgs/share/test1_msgs/hook/ld_library_path_lib.sh'
[7.105s] Level 1:colcon.colcon_core.environment:checking '/home/jkang/Matlab_client_test/install/test1_msgs/bin'
[7.105s] Level 1:colcon.colcon_core.environment:checking '/home/jkang/Matlab_client_test/install/test1_msgs/lib/pkgconfig/test1_msgs.pc'
[7.105s] Level 1:colcon.colcon_core.environment:checking '/home/jkang/Matlab_client_test/install/test1_msgs/lib/python3.8/site-packages'
[7.105s] Level 1:colcon.colcon_core.shell:create_environment_hook('test1_msgs', 'pythonpath')
[7.110s] INFO:colcon.colcon_core.shell:Creating environment hook '/home/jkang/Matlab_client_test/install/test1_msgs/share/test1_msgs/hook/pythonpath.ps1'
[7.110s] INFO:colcon.colcon_core.shell:Creating environment descriptor '/home/jkang/Matlab_client_test/install/test1_msgs/share/test1_msgs/hook/pythonpath.dsv'
[7.111s] INFO:colcon.colcon_core.shell:Creating environment hook '/home/jkang/Matlab_client_test/install/test1_msgs/share/test1_msgs/hook/pythonpath.sh'
[7.111s] Level 1:colcon.colcon_core.environment:checking '/home/jkang/Matlab_client_test/install/test1_msgs/bin'
[7.116s] INFO:colcon.colcon_core.shell:Creating package script '/home/jkang/Matlab_client_test/install/test1_msgs/share/test1_msgs/package.ps1'
[7.117s] INFO:colcon.colcon_core.shell:Creating package descriptor '/home/jkang/Matlab_client_test/install/test1_msgs/share/test1_msgs/package.dsv'
[7.118s] INFO:colcon.colcon_core.shell:Creating package script '/home/jkang/Matlab_client_test/install/test1_msgs/share/test1_msgs/package.sh'
[7.119s] INFO:colcon.colcon_core.shell:Creating package script '/home/jkang/Matlab_client_test/install/test1_msgs/share/test1_msgs/package.bash'
[7.119s] INFO:colcon.colcon_core.shell:Creating package script '/home/jkang/Matlab_client_test/install/test1_msgs/share/test1_msgs/package.zsh'
[7.120s] Level 1:colcon.colcon_core.environment:create_file_with_runtime_dependencies(/home/jkang/Matlab_client_test/install/test1_msgs/share/colcon-core/packages/test1_msgs)
[7.120s] DEBUG:colcon.colcon_parallel_executor.executor.parallel:closing loop
[7.121s] DEBUG:colcon.colcon_parallel_executor.executor.parallel:loop closed
[7.121s] DEBUG:colcon.colcon_parallel_executor.executor.parallel:run_until_complete finished with '0'
[7.121s] DEBUG:colcon.colcon_core.event_reactor:joining thread
[7.127s] INFO:colcon.colcon_core.plugin_system:Skipping extension 'colcon_notification.desktop_notification.terminal_notifier': Not used on non-Darwin systems
[7.128s] INFO:colcon.colcon_core.plugin_system:Skipping extension 'colcon_notification.desktop_notification.win32': Not used on non-Windows systems
[7.128s] INFO:colcon.colcon_notification.desktop_notification:Sending desktop notification using 'notify2'
[7.161s] DEBUG:colcon.colcon_core.event_reactor:joined thread
[7.166s] INFO:colcon.colcon_core.shell:Creating prefix script '/home/jkang/Matlab_client_test/install/local_setup.ps1'
[7.167s] INFO:colcon.colcon_core.shell:Creating prefix util module '/home/jkang/Matlab_client_test/install/_local_setup_util_ps1.py'
[7.169s] INFO:colcon.colcon_core.shell:Creating prefix chain script '/home/jkang/Matlab_client_test/install/setup.ps1'
[7.172s] INFO:colcon.colcon_core.shell:Creating prefix script '/home/jkang/Matlab_client_test/install/local_setup.sh'
[7.173s] INFO:colcon.colcon_core.shell:Creating prefix util module '/home/jkang/Matlab_client_test/install/_local_setup_util_sh.py'
[7.174s] INFO:colcon.colcon_core.shell:Creating prefix chain script '/home/jkang/Matlab_client_test/install/setup.sh'
[7.176s] INFO:colcon.colcon_core.shell:Creating prefix script '/home/jkang/Matlab_client_test/install/local_setup.bash'
[7.176s] INFO:colcon.colcon_core.shell:Creating prefix chain script '/home/jkang/Matlab_client_test/install/setup.bash'
[7.178s] INFO:colcon.colcon_core.shell:Creating prefix script '/home/jkang/Matlab_client_test/install/local_setup.zsh'
[7.179s] INFO:colcon.colcon_core.shell:Creating prefix chain script '/home/jkang/Matlab_client_test/install/setup.zsh'
