[0.299s] DEBUG:colcon:Command line arguments: ['/usr/bin/colcon', 'build']
[0.299s] DEBUG:colcon:Parsed command line arguments: Namespace(allow_overriding=[], ament_cmake_args=None, base_paths=['.'], build_base='build', catkin_cmake_args=None, catkin_skip_building_tests=False, cmake_args=None, cmake_clean_cache=False, cmake_clean_first=False, cmake_force_configure=False, cmake_target=None, cmake_target_skip_unavailable=False, continue_on_error=False, event_handlers=None, executor='parallel', ignore_user_meta=False, install_base='install', log_base=None, log_level=None, main=<bound method BuildVerb.main of <colcon_core.verb.build.BuildVerb object at 0x7f8ef80e5460>>, merge_install=False, metas=['./colcon.meta'], packages_above=None, packages_above_and_dependencies=None, packages_above_depth=None, packages_end=None, packages_ignore=None, packages_ignore_regex=None, packages_select=None, packages_select_build_failed=False, packages_select_by_dep=None, packages_select_regex=None, packages_select_test_failures=False, packages_skip=None, packages_skip_build_finished=False, packages_skip_by_dep=None, packages_skip_regex=None, packages_skip_test_passed=False, packages_skip_up_to=None, packages_start=None, packages_up_to=None, packages_up_to_regex=None, parallel_workers=12, paths=None, symlink_install=False, test_result_base=None, verb_extension=<colcon_core.verb.build.BuildVerb object at 0x7f8ef80e5460>, verb_name='build', verb_parser=<colcon_defaults.argument_parser.defaults.DefaultArgumentsDecorator object at 0x7f8ef80009d0>)
[0.347s] Level 1:colcon.colcon_core.package_discovery:discover_packages(colcon_meta) check parameters
[0.347s] Level 1:colcon.colcon_core.package_discovery:discover_packages(recursive) check parameters
[0.347s] Level 1:colcon.colcon_core.package_discovery:discover_packages(ignore) check parameters
[0.347s] Level 1:colcon.colcon_core.package_discovery:discover_packages(path) check parameters
[0.347s] Level 1:colcon.colcon_core.package_discovery:discover_packages(colcon_meta) discover
[0.347s] Level 1:colcon.colcon_core.package_discovery:discover_packages(recursive) discover
[0.347s] INFO:colcon.colcon_core.package_discovery:Crawling recursively for packages in '/home/jkang/Matlab_client_test'
[0.347s] Level 1:colcon.colcon_core.package_identification:_identify(.) by extensions ['ignore', 'ignore_ament_install']
[0.348s] Level 1:colcon.colcon_core.package_identification:_identify(.) by extension 'ignore'
[0.348s] Level 1:colcon.colcon_core.package_identification:_identify(.) by extension 'ignore_ament_install'
[0.348s] Level 1:colcon.colcon_core.package_identification:_identify(.) by extensions ['colcon_pkg']
[0.348s] Level 1:colcon.colcon_core.package_identification:_identify(.) by extension 'colcon_pkg'
[0.348s] Level 1:colcon.colcon_core.package_identification:_identify(.) by extensions ['colcon_meta']
[0.348s] Level 1:colcon.colcon_core.package_identification:_identify(.) by extension 'colcon_meta'
[0.348s] Level 1:colcon.colcon_core.package_identification:_identify(.) by extensions ['ros']
[0.348s] Level 1:colcon.colcon_core.package_identification:_identify(.) by extension 'ros'
[0.363s] Level 1:colcon.colcon_core.package_identification:_identify(.) by extensions ['cmake', 'python']
[0.363s] Level 1:colcon.colcon_core.package_identification:_identify(.) by extension 'cmake'
[0.363s] Level 1:colcon.colcon_core.package_identification:_identify(.) by extension 'python'
[0.363s] Level 1:colcon.colcon_core.package_identification:_identify(.) by extensions ['python_setup_py']
[0.363s] Level 1:colcon.colcon_core.package_identification:_identify(.) by extension 'python_setup_py'
[0.363s] Level 1:colcon.colcon_core.package_identification:_identify(build) by extensions ['ignore', 'ignore_ament_install']
[0.363s] Level 1:colcon.colcon_core.package_identification:_identify(build) by extension 'ignore'
[0.363s] Level 1:colcon.colcon_core.package_identification:_identify(build) ignored
[0.363s] Level 1:colcon.colcon_core.package_identification:_identify(install) by extensions ['ignore', 'ignore_ament_install']
[0.363s] Level 1:colcon.colcon_core.package_identification:_identify(install) by extension 'ignore'
[0.363s] Level 1:colcon.colcon_core.package_identification:_identify(install) ignored
[0.363s] Level 1:colcon.colcon_core.package_identification:_identify(log) by extensions ['ignore', 'ignore_ament_install']
[0.363s] Level 1:colcon.colcon_core.package_identification:_identify(log) by extension 'ignore'
[0.363s] Level 1:colcon.colcon_core.package_identification:_identify(log) ignored
[0.363s] Level 1:colcon.colcon_core.package_identification:_identify(src) by extensions ['ignore', 'ignore_ament_install']
[0.364s] Level 1:colcon.colcon_core.package_identification:_identify(src) by extension 'ignore'
[0.364s] Level 1:colcon.colcon_core.package_identification:_identify(src) by extension 'ignore_ament_install'
[0.364s] Level 1:colcon.colcon_core.package_identification:_identify(src) by extensions ['colcon_pkg']
[0.364s] Level 1:colcon.colcon_core.package_identification:_identify(src) by extension 'colcon_pkg'
[0.364s] Level 1:colcon.colcon_core.package_identification:_identify(src) by extensions ['colcon_meta']
[0.364s] Level 1:colcon.colcon_core.package_identification:_identify(src) by extension 'colcon_meta'
[0.364s] Level 1:colcon.colcon_core.package_identification:_identify(src) by extensions ['ros']
[0.364s] Level 1:colcon.colcon_core.package_identification:_identify(src) by extension 'ros'
[0.364s] Level 1:colcon.colcon_core.package_identification:_identify(src) by extensions ['cmake', 'python']
[0.364s] Level 1:colcon.colcon_core.package_identification:_identify(src) by extension 'cmake'
[0.364s] Level 1:colcon.colcon_core.package_identification:_identify(src) by extension 'python'
[0.364s] Level 1:colcon.colcon_core.package_identification:_identify(src) by extensions ['python_setup_py']
[0.364s] Level 1:colcon.colcon_core.package_identification:_identify(src) by extension 'python_setup_py'
[0.364s] Level 1:colcon.colcon_core.package_identification:_identify(src/test1_msgs) by extensions ['ignore', 'ignore_ament_install']
[0.364s] Level 1:colcon.colcon_core.package_identification:_identify(src/test1_msgs) by extension 'ignore'
[0.364s] Level 1:colcon.colcon_core.package_identification:_identify(src/test1_msgs) by extension 'ignore_ament_install'
[0.365s] Level 1:colcon.colcon_core.package_identification:_identify(src/test1_msgs) by extensions ['colcon_pkg']
[0.365s] Level 1:colcon.colcon_core.package_identification:_identify(src/test1_msgs) by extension 'colcon_pkg'
[0.365s] Level 1:colcon.colcon_core.package_identification:_identify(src/test1_msgs) by extensions ['colcon_meta']
[0.365s] Level 1:colcon.colcon_core.package_identification:_identify(src/test1_msgs) by extension 'colcon_meta'
[0.365s] Level 1:colcon.colcon_core.package_identification:_identify(src/test1_msgs) by extensions ['ros']
[0.365s] Level 1:colcon.colcon_core.package_identification:_identify(src/test1_msgs) by extension 'ros'
[0.368s] DEBUG:colcon.colcon_core.package_identification:Package 'src/test1_msgs' with type 'ros.ament_cmake' and name 'test1_msgs'
[0.368s] Level 1:colcon.colcon_core.package_identification:_identify(src/test_matlab) by extensions ['ignore', 'ignore_ament_install']
[0.368s] Level 1:colcon.colcon_core.package_identification:_identify(src/test_matlab) by extension 'ignore'
[0.368s] Level 1:colcon.colcon_core.package_identification:_identify(src/test_matlab) by extension 'ignore_ament_install'
[0.368s] Level 1:colcon.colcon_core.package_identification:_identify(src/test_matlab) by extensions ['colcon_pkg']
[0.368s] Level 1:colcon.colcon_core.package_identification:_identify(src/test_matlab) by extension 'colcon_pkg'
[0.368s] Level 1:colcon.colcon_core.package_identification:_identify(src/test_matlab) by extensions ['colcon_meta']
[0.368s] Level 1:colcon.colcon_core.package_identification:_identify(src/test_matlab) by extension 'colcon_meta'
[0.368s] Level 1:colcon.colcon_core.package_identification:_identify(src/test_matlab) by extensions ['ros']
[0.368s] Level 1:colcon.colcon_core.package_identification:_identify(src/test_matlab) by extension 'ros'
[0.368s] Level 1:colcon.colcon_core.package_identification:_identify(src/test_matlab) by extensions ['cmake', 'python']
[0.368s] Level 1:colcon.colcon_core.package_identification:_identify(src/test_matlab) by extension 'cmake'
[0.368s] Level 1:colcon.colcon_core.package_identification:_identify(src/test_matlab) by extension 'python'
[0.368s] Level 1:colcon.colcon_core.package_identification:_identify(src/test_matlab) by extensions ['python_setup_py']
[0.368s] Level 1:colcon.colcon_core.package_identification:_identify(src/test_matlab) by extension 'python_setup_py'
[0.369s] Level 1:colcon.colcon_core.package_identification:_identify(src/test_matlab/custom) by extensions ['ignore', 'ignore_ament_install']
[0.369s] Level 1:colcon.colcon_core.package_identification:_identify(src/test_matlab/custom) by extension 'ignore'
[0.369s] Level 1:colcon.colcon_core.package_identification:_identify(src/test_matlab/custom) by extension 'ignore_ament_install'
[0.369s] Level 1:colcon.colcon_core.package_identification:_identify(src/test_matlab/custom) by extensions ['colcon_pkg']
[0.369s] Level 1:colcon.colcon_core.package_identification:_identify(src/test_matlab/custom) by extension 'colcon_pkg'
[0.369s] Level 1:colcon.colcon_core.package_identification:_identify(src/test_matlab/custom) by extensions ['colcon_meta']
[0.369s] Level 1:colcon.colcon_core.package_identification:_identify(src/test_matlab/custom) by extension 'colcon_meta'
[0.369s] Level 1:colcon.colcon_core.package_identification:_identify(src/test_matlab/custom) by extensions ['ros']
[0.369s] Level 1:colcon.colcon_core.package_identification:_identify(src/test_matlab/custom) by extension 'ros'
[0.369s] Level 1:colcon.colcon_core.package_identification:_identify(src/test_matlab/custom) by extensions ['cmake', 'python']
[0.369s] Level 1:colcon.colcon_core.package_identification:_identify(src/test_matlab/custom) by extension 'cmake'
[0.369s] Level 1:colcon.colcon_core.package_identification:_identify(src/test_matlab/custom) by extension 'python'
[0.369s] Level 1:colcon.colcon_core.package_identification:_identify(src/test_matlab/custom) by extensions ['python_setup_py']
[0.369s] Level 1:colcon.colcon_core.package_identification:_identify(src/test_matlab/custom) by extension 'python_setup_py'
[0.369s] Level 1:colcon.colcon_core.package_identification:_identify(src/test_matlab/custom/matlab_msg_gen) by extensions ['ignore', 'ignore_ament_install']
[0.370s] Level 1:colcon.colcon_core.package_identification:_identify(src/test_matlab/custom/matlab_msg_gen) by extension 'ignore'
[0.370s] Level 1:colcon.colcon_core.package_identification:_identify(src/test_matlab/custom/matlab_msg_gen) ignored
[0.370s] Level 1:colcon.colcon_core.package_identification:_identify(src/test_matlab/custom/test1_msgs) by extensions ['ignore', 'ignore_ament_install']
[0.370s] Level 1:colcon.colcon_core.package_identification:_identify(src/test_matlab/custom/test1_msgs) by extension 'ignore'
[0.370s] Level 1:colcon.colcon_core.package_identification:_identify(src/test_matlab/custom/test1_msgs) by extension 'ignore_ament_install'
[0.370s] Level 1:colcon.colcon_core.package_identification:_identify(src/test_matlab/custom/test1_msgs) by extensions ['colcon_pkg']
[0.370s] Level 1:colcon.colcon_core.package_identification:_identify(src/test_matlab/custom/test1_msgs) by extension 'colcon_pkg'
[0.370s] Level 1:colcon.colcon_core.package_identification:_identify(src/test_matlab/custom/test1_msgs) by extensions ['colcon_meta']
[0.370s] Level 1:colcon.colcon_core.package_identification:_identify(src/test_matlab/custom/test1_msgs) by extension 'colcon_meta'
[0.370s] Level 1:colcon.colcon_core.package_identification:_identify(src/test_matlab/custom/test1_msgs) by extensions ['ros']
[0.370s] Level 1:colcon.colcon_core.package_identification:_identify(src/test_matlab/custom/test1_msgs) by extension 'ros'
[0.370s] Level 1:colcon.colcon_core.package_identification:_identify(src/test_matlab/custom/test1_msgs) by extensions ['cmake', 'python']
[0.370s] Level 1:colcon.colcon_core.package_identification:_identify(src/test_matlab/custom/test1_msgs) by extension 'cmake'
[0.370s] Level 1:colcon.colcon_core.package_identification:_identify(src/test_matlab/custom/test1_msgs) by extension 'python'
[0.370s] Level 1:colcon.colcon_core.package_identification:_identify(src/test_matlab/custom/test1_msgs) by extensions ['python_setup_py']
[0.370s] Level 1:colcon.colcon_core.package_identification:_identify(src/test_matlab/custom/test1_msgs) by extension 'python_setup_py'
[0.371s] Level 1:colcon.colcon_core.package_identification:_identify(src/test_matlab/custom/test1_msgs/msg) by extensions ['ignore', 'ignore_ament_install']
[0.371s] Level 1:colcon.colcon_core.package_identification:_identify(src/test_matlab/custom/test1_msgs/msg) by extension 'ignore'
[0.371s] Level 1:colcon.colcon_core.package_identification:_identify(src/test_matlab/custom/test1_msgs/msg) by extension 'ignore_ament_install'
[0.371s] Level 1:colcon.colcon_core.package_identification:_identify(src/test_matlab/custom/test1_msgs/msg) by extensions ['colcon_pkg']
[0.371s] Level 1:colcon.colcon_core.package_identification:_identify(src/test_matlab/custom/test1_msgs/msg) by extension 'colcon_pkg'
[0.371s] Level 1:colcon.colcon_core.package_identification:_identify(src/test_matlab/custom/test1_msgs/msg) by extensions ['colcon_meta']
[0.371s] Level 1:colcon.colcon_core.package_identification:_identify(src/test_matlab/custom/test1_msgs/msg) by extension 'colcon_meta'
[0.371s] Level 1:colcon.colcon_core.package_identification:_identify(src/test_matlab/custom/test1_msgs/msg) by extensions ['ros']
[0.371s] Level 1:colcon.colcon_core.package_identification:_identify(src/test_matlab/custom/test1_msgs/msg) by extension 'ros'
[0.371s] Level 1:colcon.colcon_core.package_identification:_identify(src/test_matlab/custom/test1_msgs/msg) by extensions ['cmake', 'python']
[0.371s] Level 1:colcon.colcon_core.package_identification:_identify(src/test_matlab/custom/test1_msgs/msg) by extension 'cmake'
[0.371s] Level 1:colcon.colcon_core.package_identification:_identify(src/test_matlab/custom/test1_msgs/msg) by extension 'python'
[0.371s] Level 1:colcon.colcon_core.package_identification:_identify(src/test_matlab/custom/test1_msgs/msg) by extensions ['python_setup_py']
[0.371s] Level 1:colcon.colcon_core.package_identification:_identify(src/test_matlab/custom/test1_msgs/msg) by extension 'python_setup_py'
[0.371s] Level 1:colcon.colcon_core.package_identification:_identify(src/test_matlab/custom/test1_msgs/srv) by extensions ['ignore', 'ignore_ament_install']
[0.372s] Level 1:colcon.colcon_core.package_identification:_identify(src/test_matlab/custom/test1_msgs/srv) by extension 'ignore'
[0.372s] Level 1:colcon.colcon_core.package_identification:_identify(src/test_matlab/custom/test1_msgs/srv) by extension 'ignore_ament_install'
[0.372s] Level 1:colcon.colcon_core.package_identification:_identify(src/test_matlab/custom/test1_msgs/srv) by extensions ['colcon_pkg']
[0.372s] Level 1:colcon.colcon_core.package_identification:_identify(src/test_matlab/custom/test1_msgs/srv) by extension 'colcon_pkg'
[0.372s] Level 1:colcon.colcon_core.package_identification:_identify(src/test_matlab/custom/test1_msgs/srv) by extensions ['colcon_meta']
[0.372s] Level 1:colcon.colcon_core.package_identification:_identify(src/test_matlab/custom/test1_msgs/srv) by extension 'colcon_meta'
[0.372s] Level 1:colcon.colcon_core.package_identification:_identify(src/test_matlab/custom/test1_msgs/srv) by extensions ['ros']
[0.372s] Level 1:colcon.colcon_core.package_identification:_identify(src/test_matlab/custom/test1_msgs/srv) by extension 'ros'
[0.372s] Level 1:colcon.colcon_core.package_identification:_identify(src/test_matlab/custom/test1_msgs/srv) by extensions ['cmake', 'python']
[0.372s] Level 1:colcon.colcon_core.package_identification:_identify(src/test_matlab/custom/test1_msgs/srv) by extension 'cmake'
[0.372s] Level 1:colcon.colcon_core.package_identification:_identify(src/test_matlab/custom/test1_msgs/srv) by extension 'python'
[0.372s] Level 1:colcon.colcon_core.package_identification:_identify(src/test_matlab/custom/test1_msgs/srv) by extensions ['python_setup_py']
[0.372s] Level 1:colcon.colcon_core.package_identification:_identify(src/test_matlab/custom/test1_msgs/srv) by extension 'python_setup_py'
[0.372s] Level 1:colcon.colcon_core.package_identification:_identify(src/test_srvcli) by extensions ['ignore', 'ignore_ament_install']
[0.372s] Level 1:colcon.colcon_core.package_identification:_identify(src/test_srvcli) by extension 'ignore'
[0.372s] Level 1:colcon.colcon_core.package_identification:_identify(src/test_srvcli) by extension 'ignore_ament_install'
[0.373s] Level 1:colcon.colcon_core.package_identification:_identify(src/test_srvcli) by extensions ['colcon_pkg']
[0.373s] Level 1:colcon.colcon_core.package_identification:_identify(src/test_srvcli) by extension 'colcon_pkg'
[0.373s] Level 1:colcon.colcon_core.package_identification:_identify(src/test_srvcli) by extensions ['colcon_meta']
[0.373s] Level 1:colcon.colcon_core.package_identification:_identify(src/test_srvcli) by extension 'colcon_meta'
[0.373s] Level 1:colcon.colcon_core.package_identification:_identify(src/test_srvcli) by extensions ['ros']
[0.373s] Level 1:colcon.colcon_core.package_identification:_identify(src/test_srvcli) by extension 'ros'
[0.374s] DEBUG:colcon.colcon_core.package_identification:Package 'src/test_srvcli' with type 'ros.ament_python' and name 'test_srvcli'
[0.374s] Level 1:colcon.colcon_core.package_discovery:discover_packages(recursive) using defaults
[0.374s] Level 1:colcon.colcon_core.package_discovery:discover_packages(ignore) discover
[0.374s] Level 1:colcon.colcon_core.package_discovery:discover_packages(ignore) using defaults
[0.374s] Level 1:colcon.colcon_core.package_discovery:discover_packages(path) discover
[0.374s] Level 1:colcon.colcon_core.package_discovery:discover_packages(path) using defaults
[0.398s] Level 1:colcon.colcon_core.package_discovery:discover_packages(prefix_path) check parameters
[0.398s] Level 1:colcon.colcon_core.package_discovery:discover_packages(prefix_path) discover
[0.400s] DEBUG:colcon.colcon_installed_package_information.package_discovery:Found 2 installed packages in /home/jkang/Matlab_client_test/install
[0.402s] DEBUG:colcon.colcon_installed_package_information.package_discovery:Found 273 installed packages in /opt/ros/galactic
[0.404s] Level 1:colcon.colcon_core.package_discovery:discover_packages(prefix_path) using defaults
[0.504s] Level 5:colcon.colcon_core.verb:set package 'test1_msgs' build argument 'cmake_args' from command line to 'None'
[0.504s] Level 5:colcon.colcon_core.verb:set package 'test1_msgs' build argument 'cmake_target' from command line to 'None'
[0.504s] Level 5:colcon.colcon_core.verb:set package 'test1_msgs' build argument 'cmake_target_skip_unavailable' from command line to 'False'
[0.504s] Level 5:colcon.colcon_core.verb:set package 'test1_msgs' build argument 'cmake_clean_cache' from command line to 'False'
[0.504s] Level 5:colcon.colcon_core.verb:set package 'test1_msgs' build argument 'cmake_clean_first' from command line to 'False'
[0.504s] Level 5:colcon.colcon_core.verb:set package 'test1_msgs' build argument 'cmake_force_configure' from command line to 'False'
[0.504s] Level 5:colcon.colcon_core.verb:set package 'test1_msgs' build argument 'ament_cmake_args' from command line to 'None'
[0.504s] Level 5:colcon.colcon_core.verb:set package 'test1_msgs' build argument 'catkin_cmake_args' from command line to 'None'
[0.504s] Level 5:colcon.colcon_core.verb:set package 'test1_msgs' build argument 'catkin_skip_building_tests' from command line to 'False'
[0.504s] DEBUG:colcon.colcon_core.verb:Building package 'test1_msgs' with the following arguments: {'ament_cmake_args': None, 'build_base': '/home/jkang/Matlab_client_test/build/test1_msgs', 'catkin_cmake_args': None, 'catkin_skip_building_tests': False, 'cmake_args': None, 'cmake_clean_cache': False, 'cmake_clean_first': False, 'cmake_force_configure': False, 'cmake_target': None, 'cmake_target_skip_unavailable': False, 'install_base': '/home/jkang/Matlab_client_test/install/test1_msgs', 'merge_install': False, 'path': '/home/jkang/Matlab_client_test/src/test1_msgs', 'symlink_install': False, 'test_result_base': None}
[0.505s] Level 5:colcon.colcon_core.verb:set package 'test_srvcli' build argument 'cmake_args' from command line to 'None'
[0.505s] Level 5:colcon.colcon_core.verb:set package 'test_srvcli' build argument 'cmake_target' from command line to 'None'
[0.505s] Level 5:colcon.colcon_core.verb:set package 'test_srvcli' build argument 'cmake_target_skip_unavailable' from command line to 'False'
[0.505s] Level 5:colcon.colcon_core.verb:set package 'test_srvcli' build argument 'cmake_clean_cache' from command line to 'False'
[0.505s] Level 5:colcon.colcon_core.verb:set package 'test_srvcli' build argument 'cmake_clean_first' from command line to 'False'
[0.505s] Level 5:colcon.colcon_core.verb:set package 'test_srvcli' build argument 'cmake_force_configure' from command line to 'False'
[0.505s] Level 5:colcon.colcon_core.verb:set package 'test_srvcli' build argument 'ament_cmake_args' from command line to 'None'
[0.505s] Level 5:colcon.colcon_core.verb:set package 'test_srvcli' build argument 'catkin_cmake_args' from command line to 'None'
[0.505s] Level 5:colcon.colcon_core.verb:set package 'test_srvcli' build argument 'catkin_skip_building_tests' from command line to 'False'
[0.506s] DEBUG:colcon.colcon_core.verb:Building package 'test_srvcli' with the following arguments: {'ament_cmake_args': None, 'build_base': '/home/jkang/Matlab_client_test/build/test_srvcli', 'catkin_cmake_args': None, 'catkin_skip_building_tests': False, 'cmake_args': None, 'cmake_clean_cache': False, 'cmake_clean_first': False, 'cmake_force_configure': False, 'cmake_target': None, 'cmake_target_skip_unavailable': False, 'install_base': '/home/jkang/Matlab_client_test/install/test_srvcli', 'merge_install': False, 'path': '/home/jkang/Matlab_client_test/src/test_srvcli', 'symlink_install': False, 'test_result_base': None}
[0.508s] INFO:colcon.colcon_core.executor:Executing jobs using 'parallel' executor
[0.513s] DEBUG:colcon.colcon_parallel_executor.executor.parallel:run_until_complete
[0.514s] INFO:colcon.colcon_ros.task.ament_cmake.build:Building ROS package in '/home/jkang/Matlab_client_test/src/test1_msgs' with build type 'ament_cmake'
[0.514s] INFO:colcon.colcon_cmake.task.cmake.build:Building CMake package in '/home/jkang/Matlab_client_test/src/test1_msgs'
[0.519s] INFO:colcon.colcon_core.plugin_system:Skipping extension 'colcon_core.shell.bat': Not used on non-Windows systems
[0.519s] INFO:colcon.colcon_core.shell:Skip shell extension 'powershell' for command environment: Not usable outside of PowerShell
[0.519s] DEBUG:colcon.colcon_core.shell:Skip shell extension 'dsv' for command environment
[0.526s] INFO:colcon.colcon_ros.task.ament_python.build:Building ROS package in '/home/jkang/Matlab_client_test/src/test_srvcli' with build type 'ament_python'
[0.526s] Level 1:colcon.colcon_core.shell:create_environment_hook('test_srvcli', 'ament_prefix_path')
[0.529s] INFO:colcon.colcon_core.shell:Creating environment hook '/home/jkang/Matlab_client_test/install/test_srvcli/share/test_srvcli/hook/ament_prefix_path.ps1'
[0.531s] INFO:colcon.colcon_core.shell:Creating environment descriptor '/home/jkang/Matlab_client_test/install/test_srvcli/share/test_srvcli/hook/ament_prefix_path.dsv'
[0.531s] INFO:colcon.colcon_core.shell:Creating environment hook '/home/jkang/Matlab_client_test/install/test_srvcli/share/test_srvcli/hook/ament_prefix_path.sh'
[0.534s] INFO:colcon.colcon_core.shell:Skip shell extension 'powershell' for command environment: Not usable outside of PowerShell
[0.534s] DEBUG:colcon.colcon_core.shell:Skip shell extension 'dsv' for command environment
[0.549s] DEBUG:colcon.colcon_core.event_handler.log_command:Invoking command in '/home/jkang/Matlab_client_test/build/test1_msgs': CMAKE_PREFIX_PATH=${CMAKE_PREFIX_PATH}:/home/jkang/Matlab_client_test/install/test_srvcli:/opt/ros/galactic /usr/bin/cmake --build /home/jkang/Matlab_client_test/build/test1_msgs -- -j12 -l12
[0.833s] INFO:colcon.colcon_core.task.python.build:Building Python package in '/home/jkang/Matlab_client_test/src/test_srvcli'
[0.836s] INFO:colcon.colcon_core.shell:Skip shell extension 'powershell' for command environment: Not usable outside of PowerShell
[0.837s] DEBUG:colcon.colcon_core.shell:Skip shell extension 'dsv' for command environment
[0.845s] DEBUG:colcon.colcon_core.event_handler.log_command:Invoked command in '/home/jkang/Matlab_client_test/build/test1_msgs' returned '0': CMAKE_PREFIX_PATH=${CMAKE_PREFIX_PATH}:/home/jkang/Matlab_client_test/install/test_srvcli:/opt/ros/galactic /usr/bin/cmake --build /home/jkang/Matlab_client_test/build/test1_msgs -- -j12 -l12
[0.911s] DEBUG:colcon.colcon_core.event_handler.log_command:Invoking command in '/home/jkang/Matlab_client_test/build/test1_msgs': CMAKE_PREFIX_PATH=${CMAKE_PREFIX_PATH}:/home/jkang/Matlab_client_test/install/test_srvcli:/opt/ros/galactic /usr/bin/cmake --install /home/jkang/Matlab_client_test/build/test1_msgs
[0.962s] Level 1:colcon.colcon_core.environment:create_environment_scripts_only(test1_msgs)
[0.965s] DEBUG:colcon.colcon_core.event_handler.log_command:Invoked command in '/home/jkang/Matlab_client_test/build/test1_msgs' returned '0': CMAKE_PREFIX_PATH=${CMAKE_PREFIX_PATH}:/home/jkang/Matlab_client_test/install/test_srvcli:/opt/ros/galactic /usr/bin/cmake --install /home/jkang/Matlab_client_test/build/test1_msgs
[0.972s] Level 1:colcon.colcon_core.environment:checking '/home/jkang/Matlab_client_test/install/test1_msgs' for CMake module files
[0.972s] Level 1:colcon.colcon_core.environment:checking '/home/jkang/Matlab_client_test/install/test1_msgs' for CMake config files
[0.972s] Level 1:colcon.colcon_core.shell:create_environment_hook('test1_msgs', 'cmake_prefix_path')
[0.975s] INFO:colcon.colcon_core.shell:Creating environment hook '/home/jkang/Matlab_client_test/install/test1_msgs/share/test1_msgs/hook/cmake_prefix_path.ps1'
[0.975s] INFO:colcon.colcon_core.shell:Creating environment descriptor '/home/jkang/Matlab_client_test/install/test1_msgs/share/test1_msgs/hook/cmake_prefix_path.dsv'
[0.976s] INFO:colcon.colcon_core.shell:Creating environment hook '/home/jkang/Matlab_client_test/install/test1_msgs/share/test1_msgs/hook/cmake_prefix_path.sh'
[0.976s] Level 1:colcon.colcon_core.environment:checking '/home/jkang/Matlab_client_test/install/test1_msgs/lib'
[0.976s] Level 1:colcon.colcon_core.shell:create_environment_hook('test1_msgs', 'ld_library_path_lib')
[0.979s] INFO:colcon.colcon_core.shell:Creating environment hook '/home/jkang/Matlab_client_test/install/test1_msgs/share/test1_msgs/hook/ld_library_path_lib.ps1'
[0.979s] INFO:colcon.colcon_core.shell:Creating environment descriptor '/home/jkang/Matlab_client_test/install/test1_msgs/share/test1_msgs/hook/ld_library_path_lib.dsv'
[0.979s] INFO:colcon.colcon_core.shell:Creating environment hook '/home/jkang/Matlab_client_test/install/test1_msgs/share/test1_msgs/hook/ld_library_path_lib.sh'
[0.980s] Level 1:colcon.colcon_core.environment:checking '/home/jkang/Matlab_client_test/install/test1_msgs/bin'
[0.980s] Level 1:colcon.colcon_core.environment:checking '/home/jkang/Matlab_client_test/install/test1_msgs/lib/pkgconfig/test1_msgs.pc'
[0.980s] Level 1:colcon.colcon_core.environment:checking '/home/jkang/Matlab_client_test/install/test1_msgs/lib/python3.8/site-packages'
[0.980s] Level 1:colcon.colcon_core.shell:create_environment_hook('test1_msgs', 'pythonpath')
[0.983s] INFO:colcon.colcon_core.shell:Creating environment hook '/home/jkang/Matlab_client_test/install/test1_msgs/share/test1_msgs/hook/pythonpath.ps1'
[0.983s] INFO:colcon.colcon_core.shell:Creating environment descriptor '/home/jkang/Matlab_client_test/install/test1_msgs/share/test1_msgs/hook/pythonpath.dsv'
[0.983s] INFO:colcon.colcon_core.shell:Creating environment hook '/home/jkang/Matlab_client_test/install/test1_msgs/share/test1_msgs/hook/pythonpath.sh'
[0.984s] Level 1:colcon.colcon_core.environment:checking '/home/jkang/Matlab_client_test/install/test1_msgs/bin'
[0.989s] INFO:colcon.colcon_core.shell:Creating package script '/home/jkang/Matlab_client_test/install/test1_msgs/share/test1_msgs/package.ps1'
[0.989s] INFO:colcon.colcon_core.shell:Creating package descriptor '/home/jkang/Matlab_client_test/install/test1_msgs/share/test1_msgs/package.dsv'
[0.990s] INFO:colcon.colcon_core.shell:Creating package script '/home/jkang/Matlab_client_test/install/test1_msgs/share/test1_msgs/package.sh'
[0.990s] INFO:colcon.colcon_core.shell:Creating package script '/home/jkang/Matlab_client_test/install/test1_msgs/share/test1_msgs/package.bash'
[0.991s] INFO:colcon.colcon_core.shell:Creating package script '/home/jkang/Matlab_client_test/install/test1_msgs/share/test1_msgs/package.zsh'
[0.991s] Level 1:colcon.colcon_core.environment:create_file_with_runtime_dependencies(/home/jkang/Matlab_client_test/install/test1_msgs/share/colcon-core/packages/test1_msgs)
[1.048s] Level 1:colcon.colcon_core.environment:create_environment_scripts_only(test1_msgs)
[1.052s] Level 1:colcon.colcon_core.environment:checking '/home/jkang/Matlab_client_test/install/test1_msgs' for CMake module files
[1.052s] Level 1:colcon.colcon_core.environment:checking '/home/jkang/Matlab_client_test/install/test1_msgs' for CMake config files
[1.053s] Level 1:colcon.colcon_core.shell:create_environment_hook('test1_msgs', 'cmake_prefix_path')
[1.055s] INFO:colcon.colcon_core.shell:Creating environment hook '/home/jkang/Matlab_client_test/install/test1_msgs/share/test1_msgs/hook/cmake_prefix_path.ps1'
[1.056s] INFO:colcon.colcon_core.shell:Creating environment descriptor '/home/jkang/Matlab_client_test/install/test1_msgs/share/test1_msgs/hook/cmake_prefix_path.dsv'
[1.056s] INFO:colcon.colcon_core.shell:Creating environment hook '/home/jkang/Matlab_client_test/install/test1_msgs/share/test1_msgs/hook/cmake_prefix_path.sh'
[1.056s] Level 1:colcon.colcon_core.environment:checking '/home/jkang/Matlab_client_test/install/test1_msgs/lib'
[1.056s] Level 1:colcon.colcon_core.shell:create_environment_hook('test1_msgs', 'ld_library_path_lib')
[1.059s] INFO:colcon.colcon_core.shell:Creating environment hook '/home/jkang/Matlab_client_test/install/test1_msgs/share/test1_msgs/hook/ld_library_path_lib.ps1'
[1.059s] INFO:colcon.colcon_core.shell:Creating environment descriptor '/home/jkang/Matlab_client_test/install/test1_msgs/share/test1_msgs/hook/ld_library_path_lib.dsv'
[1.060s] INFO:colcon.colcon_core.shell:Creating environment hook '/home/jkang/Matlab_client_test/install/test1_msgs/share/test1_msgs/hook/ld_library_path_lib.sh'
[1.060s] Level 1:colcon.colcon_core.environment:checking '/home/jkang/Matlab_client_test/install/test1_msgs/bin'
[1.060s] Level 1:colcon.colcon_core.environment:checking '/home/jkang/Matlab_client_test/install/test1_msgs/lib/pkgconfig/test1_msgs.pc'
[1.060s] Level 1:colcon.colcon_core.environment:checking '/home/jkang/Matlab_client_test/install/test1_msgs/lib/python3.8/site-packages'
[1.060s] Level 1:colcon.colcon_core.shell:create_environment_hook('test1_msgs', 'pythonpath')
[1.063s] INFO:colcon.colcon_core.shell:Creating environment hook '/home/jkang/Matlab_client_test/install/test1_msgs/share/test1_msgs/hook/pythonpath.ps1'
[1.063s] INFO:colcon.colcon_core.shell:Creating environment descriptor '/home/jkang/Matlab_client_test/install/test1_msgs/share/test1_msgs/hook/pythonpath.dsv'
[1.063s] INFO:colcon.colcon_core.shell:Creating environment hook '/home/jkang/Matlab_client_test/install/test1_msgs/share/test1_msgs/hook/pythonpath.sh'
[1.064s] Level 1:colcon.colcon_core.environment:checking '/home/jkang/Matlab_client_test/install/test1_msgs/bin'
[1.066s] INFO:colcon.colcon_core.shell:Creating package script '/home/jkang/Matlab_client_test/install/test1_msgs/share/test1_msgs/package.ps1'
[1.067s] INFO:colcon.colcon_core.shell:Creating package descriptor '/home/jkang/Matlab_client_test/install/test1_msgs/share/test1_msgs/package.dsv'
[1.067s] INFO:colcon.colcon_core.shell:Creating package script '/home/jkang/Matlab_client_test/install/test1_msgs/share/test1_msgs/package.sh'
[1.068s] INFO:colcon.colcon_core.shell:Creating package script '/home/jkang/Matlab_client_test/install/test1_msgs/share/test1_msgs/package.bash'
[1.068s] INFO:colcon.colcon_core.shell:Creating package script '/home/jkang/Matlab_client_test/install/test1_msgs/share/test1_msgs/package.zsh'
[1.068s] Level 1:colcon.colcon_core.environment:create_file_with_runtime_dependencies(/home/jkang/Matlab_client_test/install/test1_msgs/share/colcon-core/packages/test1_msgs)
[1.385s] DEBUG:colcon.colcon_core.event_handler.log_command:Invoking command in '/home/jkang/Matlab_client_test/src/test_srvcli': PYTHONPATH=/home/jkang/Matlab_client_test/build/test_srvcli/prefix_override:/home/jkang/Matlab_client_test/install/test_srvcli/lib/python3.8/site-packages:${PYTHONPATH} /usr/bin/python3 setup.py egg_info --egg-base ../../build/test_srvcli build --build-base /home/jkang/Matlab_client_test/build/test_srvcli/build install --record /home/jkang/Matlab_client_test/build/test_srvcli/install.log --single-version-externally-managed
[1.820s] Level 1:colcon.colcon_core.environment:checking '/home/jkang/Matlab_client_test/install/test_srvcli' for CMake module files
[1.820s] DEBUG:colcon.colcon_core.event_handler.log_command:Invoked command in '/home/jkang/Matlab_client_test/src/test_srvcli' returned '0': PYTHONPATH=/home/jkang/Matlab_client_test/build/test_srvcli/prefix_override:/home/jkang/Matlab_client_test/install/test_srvcli/lib/python3.8/site-packages:${PYTHONPATH} /usr/bin/python3 setup.py egg_info --egg-base ../../build/test_srvcli build --build-base /home/jkang/Matlab_client_test/build/test_srvcli/build install --record /home/jkang/Matlab_client_test/build/test_srvcli/install.log --single-version-externally-managed
[1.820s] Level 1:colcon.colcon_core.environment:checking '/home/jkang/Matlab_client_test/install/test_srvcli' for CMake config files
[1.821s] Level 1:colcon.colcon_core.environment:checking '/home/jkang/Matlab_client_test/install/test_srvcli/lib'
[1.821s] Level 1:colcon.colcon_core.environment:checking '/home/jkang/Matlab_client_test/install/test_srvcli/bin'
[1.821s] Level 1:colcon.colcon_core.environment:checking '/home/jkang/Matlab_client_test/install/test_srvcli/lib/pkgconfig/test_srvcli.pc'
[1.821s] Level 1:colcon.colcon_core.environment:checking '/home/jkang/Matlab_client_test/install/test_srvcli/lib/python3.8/site-packages'
[1.821s] Level 1:colcon.colcon_core.shell:create_environment_hook('test_srvcli', 'pythonpath')
[1.824s] INFO:colcon.colcon_core.shell:Creating environment hook '/home/jkang/Matlab_client_test/install/test_srvcli/share/test_srvcli/hook/pythonpath.ps1'
[1.824s] INFO:colcon.colcon_core.shell:Creating environment descriptor '/home/jkang/Matlab_client_test/install/test_srvcli/share/test_srvcli/hook/pythonpath.dsv'
[1.824s] INFO:colcon.colcon_core.shell:Creating environment hook '/home/jkang/Matlab_client_test/install/test_srvcli/share/test_srvcli/hook/pythonpath.sh'
[1.825s] Level 1:colcon.colcon_core.environment:checking '/home/jkang/Matlab_client_test/install/test_srvcli/bin'
[1.825s] Level 1:colcon.colcon_core.environment:create_environment_scripts_only(test_srvcli)
[1.828s] INFO:colcon.colcon_core.shell:Creating package script '/home/jkang/Matlab_client_test/install/test_srvcli/share/test_srvcli/package.ps1'
[1.828s] INFO:colcon.colcon_core.shell:Creating package descriptor '/home/jkang/Matlab_client_test/install/test_srvcli/share/test_srvcli/package.dsv'
[1.828s] INFO:colcon.colcon_core.shell:Creating package script '/home/jkang/Matlab_client_test/install/test_srvcli/share/test_srvcli/package.sh'
[1.829s] INFO:colcon.colcon_core.shell:Creating package script '/home/jkang/Matlab_client_test/install/test_srvcli/share/test_srvcli/package.bash'
[1.829s] INFO:colcon.colcon_core.shell:Creating package script '/home/jkang/Matlab_client_test/install/test_srvcli/share/test_srvcli/package.zsh'
[1.829s] Level 1:colcon.colcon_core.environment:create_file_with_runtime_dependencies(/home/jkang/Matlab_client_test/install/test_srvcli/share/colcon-core/packages/test_srvcli)
[1.829s] DEBUG:colcon.colcon_parallel_executor.executor.parallel:closing loop
[1.830s] DEBUG:colcon.colcon_parallel_executor.executor.parallel:loop closed
[1.830s] DEBUG:colcon.colcon_parallel_executor.executor.parallel:run_until_complete finished with '0'
[1.830s] DEBUG:colcon.colcon_core.event_reactor:joining thread
[1.834s] INFO:colcon.colcon_core.plugin_system:Skipping extension 'colcon_notification.desktop_notification.terminal_notifier': Not used on non-Darwin systems
[1.834s] INFO:colcon.colcon_core.plugin_system:Skipping extension 'colcon_notification.desktop_notification.win32': Not used on non-Windows systems
[1.834s] INFO:colcon.colcon_notification.desktop_notification:Sending desktop notification using 'notify2'
[1.846s] DEBUG:colcon.colcon_core.event_reactor:joined thread
[1.849s] INFO:colcon.colcon_core.shell:Creating prefix script '/home/jkang/Matlab_client_test/install/local_setup.ps1'
[1.850s] INFO:colcon.colcon_core.shell:Creating prefix util module '/home/jkang/Matlab_client_test/install/_local_setup_util_ps1.py'
[1.851s] INFO:colcon.colcon_core.shell:Creating prefix chain script '/home/jkang/Matlab_client_test/install/setup.ps1'
[1.852s] INFO:colcon.colcon_core.shell:Creating prefix script '/home/jkang/Matlab_client_test/install/local_setup.sh'
[1.853s] INFO:colcon.colcon_core.shell:Creating prefix util module '/home/jkang/Matlab_client_test/install/_local_setup_util_sh.py'
[1.853s] INFO:colcon.colcon_core.shell:Creating prefix chain script '/home/jkang/Matlab_client_test/install/setup.sh'
[1.854s] INFO:colcon.colcon_core.shell:Creating prefix script '/home/jkang/Matlab_client_test/install/local_setup.bash'
[1.855s] INFO:colcon.colcon_core.shell:Creating prefix chain script '/home/jkang/Matlab_client_test/install/setup.bash'
[1.856s] INFO:colcon.colcon_core.shell:Creating prefix script '/home/jkang/Matlab_client_test/install/local_setup.zsh'
[1.856s] INFO:colcon.colcon_core.shell:Creating prefix chain script '/home/jkang/Matlab_client_test/install/setup.zsh'
